<?xml version="1.0" encoding="utf-8"?><testsuites><testsuite name="pytest" errors="0" failures="0" skipped="0" tests="4" time="0.096" timestamp="2024-12-28T19:33:43.050662+05:30" hostname="LAPTOP-2M436B29"><testcase classname="test_prime_checker.TestPrimeChecker" name="test_find_primes_up_to" time="0.003" /><testcase classname="test_prime_checker.TestPrimeChecker" name="test_is_prime" time="0.001" /><testcase classname="test_prime_checker.TestPrimeChecker" name="test_list_primes_in_range" time="0.001" /><testcase classname="test_prime_checker.TestPrimeChecker" name="test_main_function_exceptions" time="0.001" /></testsuite></testsuites>